  Source.cpp
X:\КСКС\KCKC_repos\KCKC_Semishko\LR5\Project5\Project5\parser.h(158,43): warning C4018: <: несоответствие типов со знаком и без знака
X:\КСКС\KCKC_repos\KCKC_Semishko\LR5\Project5\Project5\parser.h(203,39): warning C4018: <: несоответствие типов со знаком и без знака
X:\КСКС\KCKC_repos\KCKC_Semishko\LR5\Project5\Project5\Rounded_Rectangle_Shape.h(34,30): warning C4244: инициализация: преобразование "unsigned int" в "float", возможна потеря данных
X:\КСКС\KCKC_repos\KCKC_Semishko\LR5\Project5\Project5\Rounded_Rectangle_Shape.h(38,1): warning C4305: инициализация: усечение из "double" в "float"
X:\КСКС\KCKC_repos\KCKC_Semishko\LR5\Project5\Project5\draw.h(18,35): warning C4244: аргумент: преобразование "int" в "float", возможна потеря данных
X:\КСКС\KCKC_repos\KCKC_Semishko\LR5\Project5\Project5\draw.h(36,19): warning C4244: инициализация: преобразование "double" в "float", возможна потеря данных
X:\КСКС\KCKC_repos\KCKC_Semishko\LR5\Project5\Project5\draw.h(43,29): warning C4244: аргумент: преобразование "int" в "float", возможна потеря данных
X:\КСКС\KCKC_repos\KCKC_Semishko\LR5\Project5\Project5\draw.h(43,25): warning C4244: аргумент: преобразование "int" в "float", возможна потеря данных
X:\КСКС\KCKC_repos\KCKC_Semishko\LR5\Project5\Project5\draw.h(45,33): warning C4244: аргумент: преобразование "int" в "float", возможна потеря данных
X:\КСКС\KCKC_repos\KCKC_Semishko\LR5\Project5\Project5\draw.h(56,19): warning C4244: инициализация: преобразование "double" в "float", возможна потеря данных
X:\КСКС\KCKC_repos\KCKC_Semishko\LR5\Project5\Project5\draw.h(63,29): warning C4244: аргумент: преобразование "int" в "float", возможна потеря данных
X:\КСКС\KCKC_repos\KCKC_Semishko\LR5\Project5\Project5\draw.h(63,25): warning C4244: аргумент: преобразование "int" в "float", возможна потеря данных
X:\КСКС\KCKC_repos\KCKC_Semishko\LR5\Project5\Project5\draw.h(69,24): warning C4244: аргумент: преобразование "int" в "float", возможна потеря данных
X:\КСКС\KCKC_repos\KCKC_Semishko\LR5\Project5\Project5\draw.h(70,28): warning C4244: аргумент: преобразование "int" в "float", возможна потеря данных
X:\КСКС\KCKC_repos\KCKC_Semishko\LR5\Project5\Project5\draw.h(70,24): warning C4244: аргумент: преобразование "int" в "float", возможна потеря данных
X:\КСКС\KCKC_repos\KCKC_Semishko\LR5\Project5\Project5\draw.h(72,32): warning C4244: аргумент: преобразование "int" в "float", возможна потеря данных
X:\КСКС\KCKC_repos\KCKC_Semishko\LR5\Project5\Project5\draw.h(78,24): warning C4244: аргумент: преобразование "int" в "float", возможна потеря данных
X:\КСКС\KCKC_repos\KCKC_Semishko\LR5\Project5\Project5\draw.h(79,28): warning C4244: аргумент: преобразование "int" в "float", возможна потеря данных
X:\КСКС\KCKC_repos\KCKC_Semishko\LR5\Project5\Project5\draw.h(79,24): warning C4244: аргумент: преобразование "int" в "float", возможна потеря данных
X:\КСКС\KCKC_repos\KCKC_Semishko\LR5\Project5\Project5\draw.h(86,38): warning C4244: аргумент: преобразование "int" в "T", возможна потеря данных
          with
          [
              T=float
          ]
X:\КСКС\KCKC_repos\KCKC_Semishko\LR5\Project5\Project5\draw.h(86,35): warning C4244: аргумент: преобразование "int" в "T", возможна потеря данных
          with
          [
              T=float
          ]
X:\КСКС\KCKC_repos\KCKC_Semishko\LR5\Project5\Project5\draw.h(87,35): warning C4244: аргумент: преобразование "int" в "float", возможна потеря данных
X:\КСКС\KCKC_repos\KCKC_Semishko\LR5\Project5\Project5\draw.h(89,34): warning C4244: аргумент: преобразование "int" в "float", возможна потеря данных
X:\КСКС\KCKC_repos\KCKC_Semishko\LR5\Project5\Project5\draw.h(89,30): warning C4244: аргумент: преобразование "int" в "float", возможна потеря данных
X:\КСКС\KCKC_repos\KCKC_Semishko\LR5\Project5\Project5\draw.h(90,38): warning C4244: аргумент: преобразование "int" в "float", возможна потеря данных
X:\КСКС\KCKC_repos\KCKC_Semishko\LR5\Project5\Project5\draw.h(97,38): warning C4244: аргумент: преобразование "int" в "T", возможна потеря данных
          with
          [
              T=float
          ]
X:\КСКС\KCKC_repos\KCKC_Semishko\LR5\Project5\Project5\draw.h(97,35): warning C4244: аргумент: преобразование "int" в "T", возможна потеря данных
          with
          [
              T=float
          ]
X:\КСКС\KCKC_repos\KCKC_Semishko\LR5\Project5\Project5\draw.h(98,35): warning C4244: аргумент: преобразование "int" в "float", возможна потеря данных
X:\КСКС\KCKC_repos\KCKC_Semishko\LR5\Project5\Project5\draw.h(100,34): warning C4244: аргумент: преобразование "int" в "float", возможна потеря данных
X:\КСКС\KCKC_repos\KCKC_Semishko\LR5\Project5\Project5\draw.h(100,30): warning C4244: аргумент: преобразование "int" в "float", возможна потеря данных
X:\КСКС\KCKC_repos\KCKC_Semishko\LR5\Project5\Project5\draw.h(109,26): warning C4244: аргумент: преобразование "int" в "float", возможна потеря данных
X:\КСКС\KCKC_repos\KCKC_Semishko\LR5\Project5\Project5\draw.h(109,22): warning C4244: аргумент: преобразование "int" в "float", возможна потеря данных
X:\КСКС\KCKC_repos\KCKC_Semishko\LR5\Project5\Project5\text_to_line.h(9,20): warning C4018: <: несоответствие типов со знаком и без знака
X:\КСКС\KCKC_repos\KCKC_Semishko\LR5\Project5\Project5\text_to_line.h(15,32): warning C4244: +=: преобразование "double" в "int", возможна потеря данных
X:\КСКС\KCKC_repos\KCKC_Semishko\LR5\Project5\Project5\text_to_line.h(22,43): warning C4244: аргумент: преобразование "double" в "T", возможна потеря данных
          with
          [
              T=float
          ]
X:\КСКС\KCKC_repos\KCKC_Semishko\LR5\Project5\Project5\text_to_line.h(22,39): warning C4244: аргумент: преобразование "double" в "T", возможна потеря данных
          with
          [
              T=float
          ]
X:\КСКС\KCKC_repos\KCKC_Semishko\LR5\Project5\Project5\text_to_line.h(22,61): warning C4244: аргумент: преобразование "double" в "T", возможна потеря данных
          with
          [
              T=float
          ]
X:\КСКС\KCKC_repos\KCKC_Semishko\LR5\Project5\Project5\text_to_line.h(22,57): warning C4244: аргумент: преобразование "double" в "T", возможна потеря данных
          with
          [
              T=float
          ]
X:\КСКС\KCKC_repos\KCKC_Semishko\LR5\Project5\Project5\text_to_line.h(26,43): warning C4244: аргумент: преобразование "double" в "T", возможна потеря данных
          with
          [
              T=float
          ]
X:\КСКС\KCKC_repos\KCKC_Semishko\LR5\Project5\Project5\text_to_line.h(26,39): warning C4244: аргумент: преобразование "double" в "T", возможна потеря данных
          with
          [
              T=float
          ]
X:\КСКС\KCKC_repos\KCKC_Semishko\LR5\Project5\Project5\text_to_line.h(26,61): warning C4244: аргумент: преобразование "double" в "T", возможна потеря данных
          with
          [
              T=float
          ]
X:\КСКС\KCKC_repos\KCKC_Semishko\LR5\Project5\Project5\text_to_line.h(26,57): warning C4244: аргумент: преобразование "double" в "T", возможна потеря данных
          with
          [
              T=float
          ]
X:\КСКС\KCKC_repos\KCKC_Semishko\LR5\Project5\Project5\text_to_line.h(30,43): warning C4244: аргумент: преобразование "double" в "T", возможна потеря данных
          with
          [
              T=float
          ]
X:\КСКС\KCKC_repos\KCKC_Semishko\LR5\Project5\Project5\text_to_line.h(30,39): warning C4244: аргумент: преобразование "double" в "T", возможна потеря данных
          with
          [
              T=float
          ]
X:\КСКС\KCKC_repos\KCKC_Semishko\LR5\Project5\Project5\text_to_line.h(30,61): warning C4244: аргумент: преобразование "double" в "T", возможна потеря данных
          with
          [
              T=float
          ]
X:\КСКС\KCKC_repos\KCKC_Semishko\LR5\Project5\Project5\text_to_line.h(30,57): warning C4244: аргумент: преобразование "double" в "T", возможна потеря данных
          with
          [
              T=float
          ]
X:\КСКС\KCKC_repos\KCKC_Semishko\LR5\Project5\Project5\text_to_line.h(34,43): warning C4244: аргумент: преобразование "double" в "T", возможна потеря данных
          with
          [
              T=float
          ]
X:\КСКС\KCKC_repos\KCKC_Semishko\LR5\Project5\Project5\text_to_line.h(34,39): warning C4244: аргумент: преобразование "double" в "T", возможна потеря данных
          with
          [
              T=float
          ]
X:\КСКС\KCKC_repos\KCKC_Semishko\LR5\Project5\Project5\text_to_line.h(34,61): warning C4244: аргумент: преобразование "double" в "T", возможна потеря данных
          with
          [
              T=float
          ]
X:\КСКС\KCKC_repos\KCKC_Semishko\LR5\Project5\Project5\text_to_line.h(34,57): warning C4244: аргумент: преобразование "double" в "T", возможна потеря данных
          with
          [
              T=float
          ]
X:\КСКС\KCKC_repos\KCKC_Semishko\LR5\Project5\Project5\text_to_line.h(38,43): warning C4244: аргумент: преобразование "double" в "T", возможна потеря данных
          with
          [
              T=float
          ]
X:\КСКС\KCKC_repos\KCKC_Semishko\LR5\Project5\Project5\text_to_line.h(38,39): warning C4244: аргумент: преобразование "double" в "T", возможна потеря данных
          with
          [
              T=float
          ]
X:\КСКС\KCKC_repos\KCKC_Semishko\LR5\Project5\Project5\text_to_line.h(38,61): warning C4244: аргумент: преобразование "double" в "T", возможна потеря данных
          with
          [
              T=float
          ]
X:\КСКС\KCKC_repos\KCKC_Semishko\LR5\Project5\Project5\text_to_line.h(38,57): warning C4244: аргумент: преобразование "double" в "T", возможна потеря данных
          with
          [
              T=float
          ]
X:\КСКС\KCKC_repos\KCKC_Semishko\LR5\Project5\Project5\text_to_line.h(41,28): warning C4244: +=: преобразование "double" в "int", возможна потеря данных
X:\КСКС\KCKC_repos\KCKC_Semishko\LR5\Project5\Project5\text_to_line.h(48,43): warning C4244: аргумент: преобразование "double" в "T", возможна потеря данных
          with
          [
              T=float
          ]
X:\КСКС\KCKC_repos\KCKC_Semishko\LR5\Project5\Project5\text_to_line.h(48,39): warning C4244: аргумент: преобразование "double" в "T", возможна потеря данных
          with
          [
              T=float
          ]
X:\КСКС\KCKC_repos\KCKC_Semishko\LR5\Project5\Project5\text_to_line.h(48,61): warning C4244: аргумент: преобразование "double" в "T", возможна потеря данных
          with
          [
              T=float
          ]
X:\КСКС\KCKC_repos\KCKC_Semishko\LR5\Project5\Project5\text_to_line.h(48,57): warning C4244: аргумент: преобразование "double" в "T", возможна потеря данных
          with
          [
              T=float
          ]
X:\КСКС\KCKC_repos\KCKC_Semishko\LR5\Project5\Project5\text_to_line.h(52,43): warning C4244: аргумент: преобразование "double" в "T", возможна потеря данных
          with
          [
              T=float
          ]
X:\КСКС\KCKC_repos\KCKC_Semishko\LR5\Project5\Project5\text_to_line.h(52,39): warning C4244: аргумент: преобразование "double" в "T", возможна потеря данных
          with
          [
              T=float
          ]
X:\КСКС\KCKC_repos\KCKC_Semishko\LR5\Project5\Project5\text_to_line.h(52,61): warning C4244: аргумент: преобразование "double" в "T", возможна потеря данных
          with
          [
              T=float
          ]
X:\КСКС\KCKC_repos\KCKC_Semishko\LR5\Project5\Project5\text_to_line.h(52,57): warning C4244: аргумент: преобразование "double" в "T", возможна потеря данных
          with
          [
              T=float
          ]
X:\КСКС\KCKC_repos\KCKC_Semishko\LR5\Project5\Project5\text_to_line.h(56,43): warning C4244: аргумент: преобразование "double" в "T", возможна потеря данных
          with
          [
              T=float
          ]
X:\КСКС\KCKC_repos\KCKC_Semishko\LR5\Project5\Project5\text_to_line.h(56,39): warning C4244: аргумент: преобразование "double" в "T", возможна потеря данных
          with
          [
              T=float
          ]
X:\КСКС\KCKC_repos\KCKC_Semishko\LR5\Project5\Project5\text_to_line.h(56,61): warning C4244: аргумент: преобразование "double" в "T", возможна потеря данных
          with
          [
              T=float
          ]
X:\КСКС\KCKC_repos\KCKC_Semishko\LR5\Project5\Project5\text_to_line.h(56,57): warning C4244: аргумент: преобразование "double" в "T", возможна потеря данных
          with
          [
              T=float
          ]
X:\КСКС\KCKC_repos\KCKC_Semishko\LR5\Project5\Project5\text_to_line.h(60,43): warning C4244: аргумент: преобразование "double" в "T", возможна потеря данных
          with
          [
              T=float
          ]
X:\КСКС\KCKC_repos\KCKC_Semishko\LR5\Project5\Project5\text_to_line.h(60,39): warning C4244: аргумент: преобразование "double" в "T", возможна потеря данных
          with
          [
              T=float
          ]
X:\КСКС\KCKC_repos\KCKC_Semishko\LR5\Project5\Project5\text_to_line.h(60,61): warning C4244: аргумент: преобразование "double" в "T", возможна потеря данных
          with
          [
              T=float
          ]
X:\КСКС\KCKC_repos\KCKC_Semishko\LR5\Project5\Project5\text_to_line.h(60,57): warning C4244: аргумент: преобразование "double" в "T", возможна потеря данных
          with
          [
              T=float
          ]
X:\КСКС\KCKC_repos\KCKC_Semishko\LR5\Project5\Project5\text_to_line.h(63,28): warning C4244: +=: преобразование "double" в "int", возможна потеря данных
X:\КСКС\KCKC_repos\KCKC_Semishko\LR5\Project5\Project5\text_to_line.h(70,45): warning C4244: аргумент: преобразование "double" в "T", возможна потеря данных
          with
          [
              T=float
          ]
X:\КСКС\KCKC_repos\KCKC_Semishko\LR5\Project5\Project5\text_to_line.h(70,41): warning C4244: аргумент: преобразование "double" в "T", возможна потеря данных
          with
          [
              T=float
          ]
X:\КСКС\KCKC_repos\KCKC_Semishko\LR5\Project5\Project5\text_to_line.h(70,63): warning C4244: аргумент: преобразование "double" в "T", возможна потеря данных
          with
          [
              T=float
          ]
X:\КСКС\KCKC_repos\KCKC_Semishko\LR5\Project5\Project5\text_to_line.h(70,59): warning C4244: аргумент: преобразование "double" в "T", возможна потеря данных
          with
          [
              T=float
          ]
X:\КСКС\KCKC_repos\KCKC_Semishko\LR5\Project5\Project5\text_to_line.h(74,45): warning C4244: аргумент: преобразование "double" в "T", возможна потеря данных
          with
          [
              T=float
          ]
X:\КСКС\KCKC_repos\KCKC_Semishko\LR5\Project5\Project5\text_to_line.h(74,41): warning C4244: аргумент: преобразование "double" в "T", возможна потеря данных
          with
          [
              T=float
          ]
X:\КСКС\KCKC_repos\KCKC_Semishko\LR5\Project5\Project5\text_to_line.h(74,63): warning C4244: аргумент: преобразование "double" в "T", возможна потеря данных
          with
          [
              T=float
          ]
X:\КСКС\KCKC_repos\KCKC_Semishko\LR5\Project5\Project5\text_to_line.h(74,59): warning C4244: аргумент: преобразование "double" в "T", возможна потеря данных
          with
          [
              T=float
          ]
X:\КСКС\KCKC_repos\KCKC_Semishko\LR5\Project5\Project5\text_to_line.h(78,45): warning C4244: аргумент: преобразование "double" в "T", возможна потеря данных
          with
          [
              T=float
          ]
X:\КСКС\KCKC_repos\KCKC_Semishko\LR5\Project5\Project5\text_to_line.h(78,41): warning C4244: аргумент: преобразование "double" в "T", возможна потеря данных
          with
          [
              T=float
          ]
X:\КСКС\KCKC_repos\KCKC_Semishko\LR5\Project5\Project5\text_to_line.h(78,63): warning C4244: аргумент: преобразование "double" в "T", возможна потеря данных
          with
          [
              T=float
          ]
X:\КСКС\KCKC_repos\KCKC_Semishko\LR5\Project5\Project5\text_to_line.h(78,59): warning C4244: аргумент: преобразование "double" в "T", возможна потеря данных
          with
          [
              T=float
          ]
X:\КСКС\KCKC_repos\KCKC_Semishko\LR5\Project5\Project5\text_to_line.h(82,45): warning C4244: аргумент: преобразование "double" в "T", возможна потеря данных
          with
          [
              T=float
          ]
X:\КСКС\KCKC_repos\KCKC_Semishko\LR5\Project5\Project5\text_to_line.h(82,41): warning C4244: аргумент: преобразование "double" в "T", возможна потеря данных
          with
          [
              T=float
          ]
X:\КСКС\KCKC_repos\KCKC_Semishko\LR5\Project5\Project5\text_to_line.h(82,63): warning C4244: аргумент: преобразование "double" в "T", возможна потеря данных
          with
          [
              T=float
          ]
X:\КСКС\KCKC_repos\KCKC_Semishko\LR5\Project5\Project5\text_to_line.h(82,59): warning C4244: аргумент: преобразование "double" в "T", возможна потеря данных
          with
          [
              T=float
          ]
X:\КСКС\KCKC_repos\KCKC_Semishko\LR5\Project5\Project5\text_to_line.h(85,30): warning C4244: +=: преобразование "double" в "int", возможна потеря данных
X:\КСКС\KCKC_repos\KCKC_Semishko\LR5\Project5\Project5\text_to_line.h(92,45): warning C4244: аргумент: преобразование "double" в "T", возможна потеря данных
          with
          [
              T=float
          ]
X:\КСКС\KCKC_repos\KCKC_Semishko\LR5\Project5\Project5\text_to_line.h(92,41): warning C4244: аргумент: преобразование "double" в "T", возможна потеря данных
          with
          [
              T=float
          ]
X:\КСКС\KCKC_repos\KCKC_Semishko\LR5\Project5\Project5\text_to_line.h(92,63): warning C4244: аргумент: преобразование "double" в "T", возможна потеря данных
          with
          [
              T=float
          ]
X:\КСКС\KCKC_repos\KCKC_Semishko\LR5\Project5\Project5\text_to_line.h(92,59): warning C4244: аргумент: преобразование "double" в "T", возможна потеря данных
          with
          [
              T=float
          ]
X:\КСКС\KCKC_repos\KCKC_Semishko\LR5\Project5\Project5\text_to_line.h(96,45): warning C4244: аргумент: преобразование "double" в "T", возможна потеря данных
          with
          [
              T=float
          ]
X:\КСКС\KCKC_repos\KCKC_Semishko\LR5\Project5\Project5\text_to_line.h(96,41): warning C4244: аргумент: преобразование "double" в "T", возможна потеря данных
          with
          [
              T=float
          ]
X:\КСКС\KCKC_repos\KCKC_Semishko\LR5\Project5\Project5\text_to_line.h(96,63): warning C4244: аргумент: преобразование "double" в "T", возможна потеря данных
          with
          [
              T=float
          ]
X:\КСКС\KCKC_repos\KCKC_Semishko\LR5\Project5\Project5\text_to_line.h(96,59): warning C4244: аргумент: преобразование "double" в "T", возможна потеря данных
          with
          [
              T=float
          ]
X:\КСКС\KCKC_repos\KCKC_Semishko\LR5\Project5\Project5\text_to_line.h(100,45): warning C4244: аргумент: преобразование "double" в "T", возможна потеря данных
          with
          [
              T=float
          ]
X:\КСКС\KCKC_repos\KCKC_Semishko\LR5\Project5\Project5\text_to_line.h(100,41): warning C4244: аргумент: преобразование "double" в "T", возможна потеря данных
          with
          [
              T=float
          ]
X:\КСКС\KCKC_repos\KCKC_Semishko\LR5\Project5\Project5\text_to_line.h(100,63): warning C4244: аргумент: преобразование "double" в "T", возможна потеря данных
          with
          [
              T=float
          ]
X:\КСКС\KCKC_repos\KCKC_Semishko\LR5\Project5\Project5\text_to_line.h(100,59): warning C4244: аргумент: преобразование "double" в "T", возможна потеря данных
          with
          [
              T=float
          ]
X:\КСКС\KCKC_repos\KCKC_Semishko\LR5\Project5\Project5\text_to_line.h(104,45): warning C4244: аргумент: преобразование "double" в "T", возможна потеря данных
          with
          [
              T=float
          ]
X:\КСКС\KCKC_repos\KCKC_Semishko\LR5\Project5\Project5\text_to_line.h(104,41): warning C4244: аргумент: преобразование "double" в "T", возможна потеря данных
          with
          [
              T=float
          ]
X:\КСКС\KCKC_repos\KCKC_Semishko\LR5\Project5\Project5\text_to_line.h(104,63): warning C4244: аргумент: преобразование "double" в "T", возможна потеря данных
          with
          [
              T=float
          ]
X:\КСКС\KCKC_repos\KCKC_Semishko\LR5\Project5\Project5\text_to_line.h(104,59): warning C4244: аргумент: преобразование "double" в "T", возможна потеря данных
          with
          [
              T=float
          ]
X:\КСКС\KCKC_repos\KCKC_Semishko\LR5\Project5\Project5\text_to_line.h(108,45): warning C4244: аргумент: преобразование "double" в "T", возможна потеря данных
          with
          [
              T=float
          ]
X:\КСКС\KCKC_repos\KCKC_Semishko\LR5\Project5\Project5\text_to_line.h(108,41): warning C4244: аргумент: преобразование "double" в "T", возможна потеря данных
          with
          [
              T=float
          ]
X:\КСКС\KCKC_repos\KCKC_Semishko\LR5\Project5\Project5\text_to_line.h(108,63): warning C4244: аргумент: преобразование "double" в "T", возможна потеря данных
          with
          [
              T=float
          ]
X:\КСКС\KCKC_repos\KCKC_Semishko\LR5\Project5\Project5\text_to_line.h(108,59): warning C4244: аргумент: преобразование "double" в "T", возможна потеря данных
          with
          [
              T=float
          ]
X:\КСКС\KCKC_repos\KCKC_Semishko\LR5\Project5\Project5\text_to_line.h(111,30): warning C4244: +=: преобразование "double" в "int", возможна потеря данных
X:\КСКС\KCKC_repos\KCKC_Semishko\LR5\Project5\Project5\text_to_line.h(118,45): warning C4244: аргумент: преобразование "double" в "T", возможна потеря данных
          with
          [
              T=float
          ]
X:\КСКС\KCKC_repos\KCKC_Semishko\LR5\Project5\Project5\text_to_line.h(118,41): warning C4244: аргумент: преобразование "double" в "T", возможна потеря данных
          with
          [
              T=float
          ]
X:\КСКС\KCKC_repos\KCKC_Semishko\LR5\Project5\Project5\text_to_line.h(118,63): warning C4244: аргумент: преобразование "double" в "T", возможна потеря данных
          with
          [
              T=float
          ]
X:\КСКС\KCKC_repos\KCKC_Semishko\LR5\Project5\Project5\text_to_line.h(118,59): warning C4244: аргумент: преобразование "double" в "T", возможна потеря данных
          with
          [
              T=float
          ]
X:\КСКС\KCKC_repos\KCKC_Semishko\LR5\Project5\Project5\text_to_line.h(122,45): warning C4244: аргумент: преобразование "double" в "T", возможна потеря данных
          with
          [
              T=float
          ]
X:\КСКС\KCKC_repos\KCKC_Semishko\LR5\Project5\Project5\text_to_line.h(122,41): warning C4244: аргумент: преобразование "double" в "T", возможна потеря данных
          with
          [
              T=float
          ]
X:\КСКС\KCKC_repos\KCKC_Semishko\LR5\Project5\Project5\text_to_line.h(122,63): warning C4244: аргумент: преобразование "double" в "T", возможна потеря данных
          with
          [
              T=float
          ]
X:\КСКС\KCKC_repos\KCKC_Semishko\LR5\Project5\Project5\text_to_line.h(122,59): warning C4244: аргумент: преобразование "double" в "T", возможна потеря данных
          with
          [
              T=float
          ]
X:\КСКС\KCKC_repos\KCKC_Semishko\LR5\Project5\Project5\text_to_line.h(126,45): warning C4244: аргумент: преобразование "double" в "T", возможна потеря данных
          with
          [
              T=float
          ]
X:\КСКС\KCKC_repos\KCKC_Semishko\LR5\Project5\Project5\text_to_line.h(126,41): warning C4244: аргумент: преобразование "double" в "T", возможна потеря данных
          with
          [
              T=float
          ]
X:\КСКС\KCKC_repos\KCKC_Semishko\LR5\Project5\Project5\text_to_line.h(126,63): warning C4244: аргумент: преобразование "double" в "T", возможна потеря данных
          with
          [
              T=float
          ]
X:\КСКС\KCKC_repos\KCKC_Semishko\LR5\Project5\Project5\text_to_line.h(126,59): warning C4244: аргумент: преобразование "double" в "T", возможна потеря данных
          with
          [
              T=float
          ]
X:\КСКС\KCKC_repos\KCKC_Semishko\LR5\Project5\Project5\text_to_line.h(129,28): warning C4244: +=: преобразование "double" в "int", возможна потеря данных
X:\КСКС\KCKC_repos\KCKC_Semishko\LR5\Project5\Project5\text_to_line.h(135,45): warning C4244: аргумент: преобразование "double" в "T", возможна потеря данных
          with
          [
              T=float
          ]
X:\КСКС\KCKC_repos\KCKC_Semishko\LR5\Project5\Project5\text_to_line.h(135,41): warning C4244: аргумент: преобразование "double" в "T", возможна потеря данных
          with
          [
              T=float
          ]
X:\КСКС\KCKC_repos\KCKC_Semishko\LR5\Project5\Project5\text_to_line.h(135,63): warning C4244: аргумент: преобразование "double" в "T", возможна потеря данных
          with
          [
              T=float
          ]
X:\КСКС\KCKC_repos\KCKC_Semishko\LR5\Project5\Project5\text_to_line.h(135,59): warning C4244: аргумент: преобразование "double" в "T", возможна потеря данных
          with
          [
              T=float
          ]
X:\КСКС\KCKC_repos\KCKC_Semishko\LR5\Project5\Project5\text_to_line.h(139,45): warning C4244: аргумент: преобразование "double" в "T", возможна потеря данных
          with
          [
              T=float
          ]
X:\КСКС\KCKC_repos\KCKC_Semishko\LR5\Project5\Project5\text_to_line.h(139,41): warning C4244: аргумент: преобразование "double" в "T", возможна потеря данных
          with
          [
              T=float
          ]
X:\КСКС\KCKC_repos\KCKC_Semishko\LR5\Project5\Project5\text_to_line.h(139,63): warning C4244: аргумент: преобразование "double" в "T", возможна потеря данных
          with
          [
              T=float
          ]
X:\КСКС\KCKC_repos\KCKC_Semishko\LR5\Project5\Project5\text_to_line.h(139,59): warning C4244: аргумент: преобразование "double" в "T", возможна потеря данных
          with
          [
              T=float
          ]
X:\КСКС\KCKC_repos\KCKC_Semishko\LR5\Project5\Project5\text_to_line.h(142,30): warning C4244: +=: преобразование "double" в "int", возможна потеря данных
X:\КСКС\KCKC_repos\KCKC_Semishko\LR5\Project5\Project5\text_to_line.h(148,45): warning C4244: аргумент: преобразование "double" в "T", возможна потеря данных
          with
          [
              T=float
          ]
X:\КСКС\KCKC_repos\KCKC_Semishko\LR5\Project5\Project5\text_to_line.h(148,41): warning C4244: аргумент: преобразование "double" в "T", возможна потеря данных
          with
          [
              T=float
          ]
X:\КСКС\KCKC_repos\KCKC_Semishko\LR5\Project5\Project5\text_to_line.h(148,63): warning C4244: аргумент: преобразование "double" в "T", возможна потеря данных
          with
          [
              T=float
          ]
X:\КСКС\KCKC_repos\KCKC_Semishko\LR5\Project5\Project5\text_to_line.h(148,59): warning C4244: аргумент: преобразование "double" в "T", возможна потеря данных
          with
          [
              T=float
          ]
X:\КСКС\KCKC_repos\KCKC_Semishko\LR5\Project5\Project5\text_to_line.h(152,45): warning C4244: аргумент: преобразование "double" в "T", возможна потеря данных
          with
          [
              T=float
          ]
X:\КСКС\KCKC_repos\KCKC_Semishko\LR5\Project5\Project5\text_to_line.h(152,41): warning C4244: аргумент: преобразование "double" в "T", возможна потеря данных
          with
          [
              T=float
          ]
X:\КСКС\KCKC_repos\KCKC_Semishko\LR5\Project5\Project5\text_to_line.h(152,63): warning C4244: аргумент: преобразование "double" в "T", возможна потеря данных
          with
          [
              T=float
          ]
X:\КСКС\KCKC_repos\KCKC_Semishko\LR5\Project5\Project5\text_to_line.h(152,59): warning C4244: аргумент: преобразование "double" в "T", возможна потеря данных
          with
          [
              T=float
          ]
X:\КСКС\KCKC_repos\KCKC_Semishko\LR5\Project5\Project5\text_to_line.h(156,45): warning C4244: аргумент: преобразование "double" в "T", возможна потеря данных
          with
          [
              T=float
          ]
X:\КСКС\KCKC_repos\KCKC_Semishko\LR5\Project5\Project5\text_to_line.h(156,41): warning C4244: аргумент: преобразование "double" в "T", возможна потеря данных
          with
          [
              T=float
          ]
X:\КСКС\KCKC_repos\KCKC_Semishko\LR5\Project5\Project5\text_to_line.h(156,63): warning C4244: аргумент: преобразование "double" в "T", возможна потеря данных
          with
          [
              T=float
          ]
X:\КСКС\KCKC_repos\KCKC_Semishko\LR5\Project5\Project5\text_to_line.h(156,59): warning C4244: аргумент: преобразование "double" в "T", возможна потеря данных
          with
          [
              T=float
          ]
X:\КСКС\KCKC_repos\KCKC_Semishko\LR5\Project5\Project5\text_to_line.h(160,45): warning C4244: аргумент: преобразование "double" в "T", возможна потеря данных
          with
          [
              T=float
          ]
X:\КСКС\KCKC_repos\KCKC_Semishko\LR5\Project5\Project5\text_to_line.h(160,41): warning C4244: аргумент: преобразование "double" в "T", возможна потеря данных
          with
          [
              T=float
          ]
X:\КСКС\KCKC_repos\KCKC_Semishko\LR5\Project5\Project5\text_to_line.h(160,63): warning C4244: аргумент: преобразование "double" в "T", возможна потеря данных
          with
          [
              T=float
          ]
X:\КСКС\KCKC_repos\KCKC_Semishko\LR5\Project5\Project5\text_to_line.h(160,59): warning C4244: аргумент: преобразование "double" в "T", возможна потеря данных
          with
          [
              T=float
          ]
X:\КСКС\KCKC_repos\KCKC_Semishko\LR5\Project5\Project5\text_to_line.h(164,45): warning C4244: аргумент: преобразование "double" в "T", возможна потеря данных
          with
          [
              T=float
          ]
X:\КСКС\KCKC_repos\KCKC_Semishko\LR5\Project5\Project5\text_to_line.h(164,41): warning C4244: аргумент: преобразование "double" в "T", возможна потеря данных
          with
          [
              T=float
          ]
X:\КСКС\KCKC_repos\KCKC_Semishko\LR5\Project5\Project5\text_to_line.h(164,63): warning C4244: аргумент: преобразование "double" в "T", возможна потеря данных
          with
          [
              T=float
          ]
X:\КСКС\KCKC_repos\KCKC_Semishko\LR5\Project5\Project5\text_to_line.h(164,59): warning C4244: аргумент: преобразование "double" в "T", возможна потеря данных
          with
          [
              T=float
          ]
X:\КСКС\KCKC_repos\KCKC_Semishko\LR5\Project5\Project5\text_to_line.h(167,30): warning C4244: +=: преобразование "double" в "int", возможна потеря данных
X:\КСКС\KCKC_repos\KCKC_Semishko\LR5\Project5\Project5\text_to_line.h(174,45): warning C4244: аргумент: преобразование "double" в "T", возможна потеря данных
          with
          [
              T=float
          ]
X:\КСКС\KCKC_repos\KCKC_Semishko\LR5\Project5\Project5\text_to_line.h(174,41): warning C4244: аргумент: преобразование "double" в "T", возможна потеря данных
          with
          [
              T=float
          ]
X:\КСКС\KCKC_repos\KCKC_Semishko\LR5\Project5\Project5\text_to_line.h(174,63): warning C4244: аргумент: преобразование "double" в "T", возможна потеря данных
          with
          [
              T=float
          ]
X:\КСКС\KCKC_repos\KCKC_Semishko\LR5\Project5\Project5\text_to_line.h(174,59): warning C4244: аргумент: преобразование "double" в "T", возможна потеря данных
          with
          [
              T=float
          ]
X:\КСКС\KCKC_repos\KCKC_Semishko\LR5\Project5\Project5\text_to_line.h(178,45): warning C4244: аргумент: преобразование "double" в "T", возможна потеря данных
          with
          [
              T=float
          ]
X:\КСКС\KCKC_repos\KCKC_Semishko\LR5\Project5\Project5\text_to_line.h(178,41): warning C4244: аргумент: преобразование "double" в "T", возможна потеря данных
          with
          [
              T=float
          ]
X:\КСКС\KCKC_repos\KCKC_Semishko\LR5\Project5\Project5\text_to_line.h(178,63): warning C4244: аргумент: преобразование "double" в "T", возможна потеря данных
          with
          [
              T=float
          ]
X:\КСКС\KCKC_repos\KCKC_Semishko\LR5\Project5\Project5\text_to_line.h(178,59): warning C4244: аргумент: преобразование "double" в "T", возможна потеря данных
          with
          [
              T=float
          ]
X:\КСКС\KCKC_repos\KCKC_Semishko\LR5\Project5\Project5\text_to_line.h(182,45): warning C4244: аргумент: преобразование "double" в "T", возможна потеря данных
          with
          [
              T=float
          ]
X:\КСКС\KCKC_repos\KCKC_Semishko\LR5\Project5\Project5\text_to_line.h(182,41): warning C4244: аргумент: преобразование "double" в "T", возможна потеря данных
          with
          [
              T=float
          ]
X:\КСКС\KCKC_repos\KCKC_Semishko\LR5\Project5\Project5\text_to_line.h(182,63): warning C4244: аргумент: преобразование "double" в "T", возможна потеря данных
          with
          [
              T=float
          ]
X:\КСКС\KCKC_repos\KCKC_Semishko\LR5\Project5\Project5\text_to_line.h(182,59): warning C4244: аргумент: преобразование "double" в "T", возможна потеря данных
          with
          [
              T=float
          ]
X:\КСКС\KCKC_repos\KCKC_Semishko\LR5\Project5\Project5\text_to_line.h(185,30): warning C4244: +=: преобразование "double" в "int", возможна потеря данных
X:\КСКС\KCKC_repos\KCKC_Semishko\LR5\Project5\Project5\text_to_line.h(191,45): warning C4244: аргумент: преобразование "double" в "T", возможна потеря данных
          with
          [
              T=float
          ]
X:\КСКС\KCKC_repos\KCKC_Semishko\LR5\Project5\Project5\text_to_line.h(191,41): warning C4244: аргумент: преобразование "double" в "T", возможна потеря данных
          with
          [
              T=float
          ]
X:\КСКС\KCKC_repos\KCKC_Semishko\LR5\Project5\Project5\text_to_line.h(191,63): warning C4244: аргумент: преобразование "double" в "T", возможна потеря данных
          with
          [
              T=float
          ]
X:\КСКС\KCKC_repos\KCKC_Semishko\LR5\Project5\Project5\text_to_line.h(191,59): warning C4244: аргумент: преобразование "double" в "T", возможна потеря данных
          with
          [
              T=float
          ]
X:\КСКС\KCKC_repos\KCKC_Semishko\LR5\Project5\Project5\text_to_line.h(195,45): warning C4244: аргумент: преобразование "double" в "T", возможна потеря данных
          with
          [
              T=float
          ]
X:\КСКС\KCKC_repos\KCKC_Semishko\LR5\Project5\Project5\text_to_line.h(195,41): warning C4244: аргумент: преобразование "double" в "T", возможна потеря данных
          with
          [
              T=float
          ]
X:\КСКС\KCKC_repos\KCKC_Semishko\LR5\Project5\Project5\text_to_line.h(195,63): warning C4244: аргумент: преобразование "double" в "T", возможна потеря данных
          with
          [
              T=float
          ]
X:\КСКС\KCKC_repos\KCKC_Semishko\LR5\Project5\Project5\text_to_line.h(195,59): warning C4244: аргумент: преобразование "double" в "T", возможна потеря данных
          with
          [
              T=float
          ]
X:\КСКС\KCKC_repos\KCKC_Semishko\LR5\Project5\Project5\text_to_line.h(199,45): warning C4244: аргумент: преобразование "double" в "T", возможна потеря данных
          with
          [
              T=float
          ]
X:\КСКС\KCKC_repos\KCKC_Semishko\LR5\Project5\Project5\text_to_line.h(199,41): warning C4244: аргумент: преобразование "double" в "T", возможна потеря данных
          with
          [
              T=float
          ]
X:\КСКС\KCKC_repos\KCKC_Semishko\LR5\Project5\Project5\text_to_line.h(199,63): warning C4244: аргумент: преобразование "double" в "T", возможна потеря данных
          with
          [
              T=float
          ]
X:\КСКС\KCKC_repos\KCKC_Semishko\LR5\Project5\Project5\text_to_line.h(199,59): warning C4244: аргумент: преобразование "double" в "T", возможна потеря данных
          with
          [
              T=float
          ]
X:\КСКС\KCKC_repos\KCKC_Semishko\LR5\Project5\Project5\text_to_line.h(203,45): warning C4244: аргумент: преобразование "double" в "T", возможна потеря данных
          with
          [
              T=float
          ]
X:\КСКС\KCKC_repos\KCKC_Semishko\LR5\Project5\Project5\text_to_line.h(203,41): warning C4244: аргумент: преобразование "double" в "T", возможна потеря данных
          with
          [
              T=float
          ]
X:\КСКС\KCKC_repos\KCKC_Semishko\LR5\Project5\Project5\text_to_line.h(203,63): warning C4244: аргумент: преобразование "double" в "T", возможна потеря данных
          with
          [
              T=float
          ]
X:\КСКС\KCKC_repos\KCKC_Semishko\LR5\Project5\Project5\text_to_line.h(203,59): warning C4244: аргумент: преобразование "double" в "T", возможна потеря данных
          with
          [
              T=float
          ]
X:\КСКС\KCKC_repos\KCKC_Semishko\LR5\Project5\Project5\text_to_line.h(206,30): warning C4244: +=: преобразование "double" в "int", возможна потеря данных
X:\КСКС\KCKC_repos\KCKC_Semishko\LR5\Project5\Project5\text_to_line.h(213,45): warning C4244: аргумент: преобразование "double" в "T", возможна потеря данных
          with
          [
              T=float
          ]
X:\КСКС\KCKC_repos\KCKC_Semishko\LR5\Project5\Project5\text_to_line.h(213,41): warning C4244: аргумент: преобразование "double" в "T", возможна потеря данных
          with
          [
              T=float
          ]
X:\КСКС\KCKC_repos\KCKC_Semishko\LR5\Project5\Project5\text_to_line.h(213,63): warning C4244: аргумент: преобразование "double" в "T", возможна потеря данных
          with
          [
              T=float
          ]
X:\КСКС\KCKC_repos\KCKC_Semishko\LR5\Project5\Project5\text_to_line.h(213,59): warning C4244: аргумент: преобразование "double" в "T", возможна потеря данных
          with
          [
              T=float
          ]
X:\КСКС\KCKC_repos\KCKC_Semishko\LR5\Project5\Project5\text_to_line.h(217,45): warning C4244: аргумент: преобразование "double" в "T", возможна потеря данных
          with
          [
              T=float
          ]
X:\КСКС\KCKC_repos\KCKC_Semishko\LR5\Project5\Project5\text_to_line.h(217,41): warning C4244: аргумент: преобразование "double" в "T", возможна потеря данных
          with
          [
              T=float
          ]
X:\КСКС\KCKC_repos\KCKC_Semishko\LR5\Project5\Project5\text_to_line.h(217,63): warning C4244: аргумент: преобразование "double" в "T", возможна потеря данных
          with
          [
              T=float
          ]
X:\КСКС\KCKC_repos\KCKC_Semishko\LR5\Project5\Project5\text_to_line.h(217,59): warning C4244: аргумент: преобразование "double" в "T", возможна потеря данных
          with
          [
              T=float
          ]
X:\КСКС\KCKC_repos\KCKC_Semishko\LR5\Project5\Project5\text_to_line.h(221,45): warning C4244: аргумент: преобразование "double" в "T", возможна потеря данных
          with
          [
              T=float
          ]
X:\КСКС\KCKC_repos\KCKC_Semishko\LR5\Project5\Project5\text_to_line.h(221,41): warning C4244: аргумент: преобразование "double" в "T", возможна потеря данных
          with
          [
              T=float
          ]
X:\КСКС\KCKC_repos\KCKC_Semishko\LR5\Project5\Project5\text_to_line.h(221,63): warning C4244: аргумент: преобразование "double" в "T", возможна потеря данных
          with
          [
              T=float
          ]
X:\КСКС\KCKC_repos\KCKC_Semishko\LR5\Project5\Project5\text_to_line.h(221,59): warning C4244: аргумент: преобразование "double" в "T", возможна потеря данных
          with
          [
              T=float
          ]
X:\КСКС\KCKC_repos\KCKC_Semishko\LR5\Project5\Project5\text_to_line.h(224,30): warning C4244: +=: преобразование "double" в "int", возможна потеря данных
X:\КСКС\KCKC_repos\KCKC_Semishko\LR5\Project5\Project5\text_to_line.h(231,45): warning C4244: аргумент: преобразование "double" в "T", возможна потеря данных
          with
          [
              T=float
          ]
X:\КСКС\KCKC_repos\KCKC_Semishko\LR5\Project5\Project5\text_to_line.h(231,41): warning C4244: аргумент: преобразование "double" в "T", возможна потеря данных
          with
          [
              T=float
          ]
X:\КСКС\KCKC_repos\KCKC_Semishko\LR5\Project5\Project5\text_to_line.h(231,63): warning C4244: аргумент: преобразование "double" в "T", возможна потеря данных
          with
          [
              T=float
          ]
X:\КСКС\KCKC_repos\KCKC_Semishko\LR5\Project5\Project5\text_to_line.h(231,59): warning C4244: аргумент: преобразование "double" в "T", возможна потеря данных
          with
          [
              T=float
          ]
X:\КСКС\KCKC_repos\KCKC_Semishko\LR5\Project5\Project5\text_to_line.h(235,45): warning C4244: аргумент: преобразование "double" в "T", возможна потеря данных
          with
          [
              T=float
          ]
X:\КСКС\KCKC_repos\KCKC_Semishko\LR5\Project5\Project5\text_to_line.h(235,41): warning C4244: аргумент: преобразование "double" в "T", возможна потеря данных
          with
          [
              T=float
          ]
X:\КСКС\KCKC_repos\KCKC_Semishko\LR5\Project5\Project5\text_to_line.h(235,63): warning C4244: аргумент: преобразование "double" в "T", возможна потеря данных
          with
          [
              T=float
          ]
X:\КСКС\KCKC_repos\KCKC_Semishko\LR5\Project5\Project5\text_to_line.h(235,59): warning C4244: аргумент: преобразование "double" в "T", возможна потеря данных
          with
          [
              T=float
          ]
X:\КСКС\KCKC_repos\KCKC_Semishko\LR5\Project5\Project5\text_to_line.h(239,45): warning C4244: аргумент: преобразование "double" в "T", возможна потеря данных
          with
          [
              T=float
          ]
X:\КСКС\KCKC_repos\KCKC_Semishko\LR5\Project5\Project5\text_to_line.h(239,41): warning C4244: аргумент: преобразование "double" в "T", возможна потеря данных
          with
          [
              T=float
          ]
X:\КСКС\KCKC_repos\KCKC_Semishko\LR5\Project5\Project5\text_to_line.h(239,63): warning C4244: аргумент: преобразование "double" в "T", возможна потеря данных
          with
          [
              T=float
          ]
X:\КСКС\KCKC_repos\KCKC_Semishko\LR5\Project5\Project5\text_to_line.h(239,59): warning C4244: аргумент: преобразование "double" в "T", возможна потеря данных
          with
          [
              T=float
          ]
X:\КСКС\KCKC_repos\KCKC_Semishko\LR5\Project5\Project5\text_to_line.h(242,30): warning C4244: +=: преобразование "double" в "int", возможна потеря данных
X:\КСКС\KCKC_repos\KCKC_Semishko\LR5\Project5\Project5\text_to_line.h(248,46): warning C4244: аргумент: преобразование "double" в "T", возможна потеря данных
          with
          [
              T=float
          ]
X:\КСКС\KCKC_repos\KCKC_Semishko\LR5\Project5\Project5\text_to_line.h(248,42): warning C4244: аргумент: преобразование "double" в "T", возможна потеря данных
          with
          [
              T=float
          ]
X:\КСКС\KCKC_repos\KCKC_Semishko\LR5\Project5\Project5\text_to_line.h(248,64): warning C4244: аргумент: преобразование "double" в "T", возможна потеря данных
          with
          [
              T=float
          ]
X:\КСКС\KCKC_repos\KCKC_Semishko\LR5\Project5\Project5\text_to_line.h(248,60): warning C4244: аргумент: преобразование "double" в "T", возможна потеря данных
          with
          [
              T=float
          ]
X:\КСКС\KCKC_repos\KCKC_Semishko\LR5\Project5\Project5\text_to_line.h(251,30): warning C4244: +=: преобразование "double" в "int", возможна потеря данных
X:\КСКС\KCKC_repos\KCKC_Semishko\LR5\Project5\Project5\text_to_line.h(258,45): warning C4244: аргумент: преобразование "double" в "T", возможна потеря данных
          with
          [
              T=float
          ]
X:\КСКС\KCKC_repos\KCKC_Semishko\LR5\Project5\Project5\text_to_line.h(258,41): warning C4244: аргумент: преобразование "double" в "T", возможна потеря данных
          with
          [
              T=float
          ]
X:\КСКС\KCKC_repos\KCKC_Semishko\LR5\Project5\Project5\text_to_line.h(258,63): warning C4244: аргумент: преобразование "double" в "T", возможна потеря данных
          with
          [
              T=float
          ]
X:\КСКС\KCKC_repos\KCKC_Semishko\LR5\Project5\Project5\text_to_line.h(258,59): warning C4244: аргумент: преобразование "double" в "T", возможна потеря данных
          with
          [
              T=float
          ]
X:\КСКС\KCKC_repos\KCKC_Semishko\LR5\Project5\Project5\text_to_line.h(261,23): warning C4244: +=: преобразование "double" в "int", возможна потеря данных
X:\КСКС\KCKC_repos\KCKC_Semishko\LR5\Project5\Project5\text_to_line.h(268,45): warning C4244: аргумент: преобразование "double" в "T", возможна потеря данных
          with
          [
              T=float
          ]
X:\КСКС\KCKC_repos\KCKC_Semishko\LR5\Project5\Project5\text_to_line.h(268,41): warning C4244: аргумент: преобразование "double" в "T", возможна потеря данных
          with
          [
              T=float
          ]
X:\КСКС\KCKC_repos\KCKC_Semishko\LR5\Project5\Project5\text_to_line.h(268,63): warning C4244: аргумент: преобразование "double" в "T", возможна потеря данных
          with
          [
              T=float
          ]
X:\КСКС\KCKC_repos\KCKC_Semishko\LR5\Project5\Project5\text_to_line.h(268,59): warning C4244: аргумент: преобразование "double" в "T", возможна потеря данных
          with
          [
              T=float
          ]
X:\КСКС\KCKC_repos\KCKC_Semishko\LR5\Project5\Project5\text_to_line.h(272,45): warning C4244: аргумент: преобразование "double" в "T", возможна потеря данных
          with
          [
              T=float
          ]
X:\КСКС\KCKC_repos\KCKC_Semishko\LR5\Project5\Project5\text_to_line.h(272,41): warning C4244: аргумент: преобразование "double" в "T", возможна потеря данных
          with
          [
              T=float
          ]
X:\КСКС\KCKC_repos\KCKC_Semishko\LR5\Project5\Project5\text_to_line.h(272,63): warning C4244: аргумент: преобразование "double" в "T", возможна потеря данных
          with
          [
              T=float
          ]
X:\КСКС\KCKC_repos\KCKC_Semishko\LR5\Project5\Project5\text_to_line.h(272,59): warning C4244: аргумент: преобразование "double" в "T", возможна потеря данных
          with
          [
              T=float
          ]
X:\КСКС\KCKC_repos\KCKC_Semishko\LR5\Project5\Project5\text_to_line.h(276,45): warning C4244: аргумент: преобразование "double" в "T", возможна потеря данных
          with
          [
              T=float
          ]
X:\КСКС\KCKC_repos\KCKC_Semishko\LR5\Project5\Project5\text_to_line.h(276,41): warning C4244: аргумент: преобразование "double" в "T", возможна потеря данных
          with
          [
              T=float
          ]
X:\КСКС\KCKC_repos\KCKC_Semishko\LR5\Project5\Project5\text_to_line.h(276,63): warning C4244: аргумент: преобразование "double" в "T", возможна потеря данных
          with
          [
              T=float
          ]
X:\КСКС\KCKC_repos\KCKC_Semishko\LR5\Project5\Project5\text_to_line.h(276,59): warning C4244: аргумент: преобразование "double" в "T", возможна потеря данных
          with
          [
              T=float
          ]
X:\КСКС\KCKC_repos\KCKC_Semishko\LR5\Project5\Project5\text_to_line.h(280,45): warning C4244: аргумент: преобразование "double" в "T", возможна потеря данных
          with
          [
              T=float
          ]
X:\КСКС\KCKC_repos\KCKC_Semishko\LR5\Project5\Project5\text_to_line.h(280,41): warning C4244: аргумент: преобразование "double" в "T", возможна потеря данных
          with
          [
              T=float
          ]
X:\КСКС\KCKC_repos\KCKC_Semishko\LR5\Project5\Project5\text_to_line.h(280,63): warning C4244: аргумент: преобразование "double" в "T", возможна потеря данных
          with
          [
              T=float
          ]
X:\КСКС\KCKC_repos\KCKC_Semishko\LR5\Project5\Project5\text_to_line.h(280,59): warning C4244: аргумент: преобразование "double" в "T", возможна потеря данных
          with
          [
              T=float
          ]
X:\КСКС\KCKC_repos\KCKC_Semishko\LR5\Project5\Project5\text_to_line.h(283,30): warning C4244: +=: преобразование "double" в "int", возможна потеря данных
X:\КСКС\KCKC_repos\KCKC_Semishko\LR5\Project5\Project5\text_to_line.h(289,47): warning C4244: аргумент: преобразование "double" в "T", возможна потеря данных
          with
          [
              T=float
          ]
X:\КСКС\KCKC_repos\KCKC_Semishko\LR5\Project5\Project5\text_to_line.h(289,43): warning C4244: аргумент: преобразование "double" в "T", возможна потеря данных
          with
          [
              T=float
          ]
X:\КСКС\KCKC_repos\KCKC_Semishko\LR5\Project5\Project5\text_to_line.h(289,65): warning C4244: аргумент: преобразование "double" в "T", возможна потеря данных
          with
          [
              T=float
          ]
X:\КСКС\KCKC_repos\KCKC_Semishko\LR5\Project5\Project5\text_to_line.h(289,61): warning C4244: аргумент: преобразование "double" в "T", возможна потеря данных
          with
          [
              T=float
          ]
X:\КСКС\KCKC_repos\KCKC_Semishko\LR5\Project5\Project5\text_to_line.h(293,47): warning C4244: аргумент: преобразование "double" в "T", возможна потеря данных
          with
          [
              T=float
          ]
X:\КСКС\KCKC_repos\KCKC_Semishko\LR5\Project5\Project5\text_to_line.h(293,43): warning C4244: аргумент: преобразование "double" в "T", возможна потеря данных
          with
          [
              T=float
          ]
X:\КСКС\KCKC_repos\KCKC_Semishko\LR5\Project5\Project5\text_to_line.h(293,65): warning C4244: аргумент: преобразование "double" в "T", возможна потеря данных
          with
          [
              T=float
          ]
X:\КСКС\KCKC_repos\KCKC_Semishko\LR5\Project5\Project5\text_to_line.h(293,61): warning C4244: аргумент: преобразование "double" в "T", возможна потеря данных
          with
          [
              T=float
          ]
X:\КСКС\KCKC_repos\KCKC_Semishko\LR5\Project5\Project5\text_to_line.h(297,47): warning C4244: аргумент: преобразование "double" в "T", возможна потеря данных
          with
          [
              T=float
          ]
X:\КСКС\KCKC_repos\KCKC_Semishko\LR5\Project5\Project5\text_to_line.h(297,43): warning C4244: аргумент: преобразование "double" в "T", возможна потеря данных
          with
          [
              T=float
          ]
X:\КСКС\KCKC_repos\KCKC_Semishko\LR5\Project5\Project5\text_to_line.h(297,65): warning C4244: аргумент: преобразование "double" в "T", возможна потеря данных
          with
          [
              T=float
          ]
X:\КСКС\KCKC_repos\KCKC_Semishko\LR5\Project5\Project5\text_to_line.h(297,61): warning C4244: аргумент: преобразование "double" в "T", возможна потеря данных
          with
          [
              T=float
          ]
X:\КСКС\KCKC_repos\KCKC_Semishko\LR5\Project5\Project5\text_to_line.h(301,47): warning C4244: аргумент: преобразование "double" в "T", возможна потеря данных
          with
          [
              T=float
          ]
X:\КСКС\KCKC_repos\KCKC_Semishko\LR5\Project5\Project5\text_to_line.h(301,43): warning C4244: аргумент: преобразование "double" в "T", возможна потеря данных
          with
          [
              T=float
          ]
X:\КСКС\KCKC_repos\KCKC_Semishko\LR5\Project5\Project5\text_to_line.h(301,65): warning C4244: аргумент: преобразование "double" в "T", возможна потеря данных
          with
          [
              T=float
          ]
X:\КСКС\KCKC_repos\KCKC_Semishko\LR5\Project5\Project5\text_to_line.h(301,61): warning C4244: аргумент: преобразование "double" в "T", возможна потеря данных
          with
          [
              T=float
          ]
X:\КСКС\KCKC_repos\KCKC_Semishko\LR5\Project5\Project5\text_to_line.h(305,47): warning C4244: аргумент: преобразование "double" в "T", возможна потеря данных
          with
          [
              T=float
          ]
X:\КСКС\KCKC_repos\KCKC_Semishko\LR5\Project5\Project5\text_to_line.h(305,43): warning C4244: аргумент: преобразование "double" в "T", возможна потеря данных
          with
          [
              T=float
          ]
X:\КСКС\KCKC_repos\KCKC_Semishko\LR5\Project5\Project5\text_to_line.h(305,65): warning C4244: аргумент: преобразование "double" в "T", возможна потеря данных
          with
          [
              T=float
          ]
X:\КСКС\KCKC_repos\KCKC_Semishko\LR5\Project5\Project5\text_to_line.h(305,61): warning C4244: аргумент: преобразование "double" в "T", возможна потеря данных
          with
          [
              T=float
          ]
X:\КСКС\KCKC_repos\KCKC_Semishko\LR5\Project5\Project5\text_to_line.h(309,47): warning C4244: аргумент: преобразование "double" в "T", возможна потеря данных
          with
          [
              T=float
          ]
X:\КСКС\KCKC_repos\KCKC_Semishko\LR5\Project5\Project5\text_to_line.h(309,43): warning C4244: аргумент: преобразование "double" в "T", возможна потеря данных
          with
          [
              T=float
          ]
X:\КСКС\KCKC_repos\KCKC_Semishko\LR5\Project5\Project5\text_to_line.h(309,65): warning C4244: аргумент: преобразование "double" в "T", возможна потеря данных
          with
          [
              T=float
          ]
X:\КСКС\KCKC_repos\KCKC_Semishko\LR5\Project5\Project5\text_to_line.h(309,61): warning C4244: аргумент: преобразование "double" в "T", возможна потеря данных
          with
          [
              T=float
          ]
X:\КСКС\KCKC_repos\KCKC_Semishko\LR5\Project5\Project5\text_to_line.h(312,30): warning C4244: +=: преобразование "double" в "int", возможна потеря данных
X:\КСКС\KCKC_repos\KCKC_Semishko\LR5\Project5\Project5\Source.cpp(97,115): warning C4244: аргумент: преобразование "int" в "T", возможна потеря данных
          with
          [
              T=float
          ]
X:\КСКС\KCKC_repos\KCKC_Semishko\LR5\Project5\Project5\Source.cpp(97,91): warning C4244: аргумент: преобразование "int" в "T", возможна потеря данных
          with
          [
              T=float
          ]
X:\КСКС\KCKC_repos\KCKC_Semishko\LR5\Project5\Project5\Source.cpp(109,91): warning C4244: аргумент: преобразование "int" в "T", возможна потеря данных
          with
          [
              T=float
          ]
X:\КСКС\KCKC_repos\KCKC_Semishko\LR5\Project5\Project5\Source.cpp(109,68): warning C4244: аргумент: преобразование "int" в "T", возможна потеря данных
          with
          [
              T=float
          ]
X:\КСКС\KCKC_repos\KCKC_Semishko\LR5\Project5\Project5\Source.cpp(110,91): warning C4244: аргумент: преобразование "int" в "T", возможна потеря данных
          with
          [
              T=float
          ]
X:\КСКС\KCKC_repos\KCKC_Semishko\LR5\Project5\Project5\Source.cpp(110,68): warning C4244: аргумент: преобразование "int" в "T", возможна потеря данных
          with
          [
              T=float
          ]
X:\КСКС\KCKC_repos\KCKC_Semishko\LR5\Project5\Project5\Source.cpp(122,122): warning C4244: аргумент: преобразование "int" в "T", возможна потеря данных
          with
          [
              T=float
          ]
X:\КСКС\KCKC_repos\KCKC_Semishko\LR5\Project5\Project5\Source.cpp(122,99): warning C4244: аргумент: преобразование "int" в "T", возможна потеря данных
          with
          [
              T=float
          ]
X:\КСКС\KCKC_repos\KCKC_Semishko\LR5\Project5\Project5\Source.cpp(122,179): warning C4244: аргумент: преобразование "int" в "T", возможна потеря данных
          with
          [
              T=float
          ]
X:\КСКС\KCKC_repos\KCKC_Semishko\LR5\Project5\Project5\Source.cpp(122,155): warning C4244: аргумент: преобразование "int" в "T", возможна потеря данных
          with
          [
              T=float
          ]
X:\КСКС\KCKC_repos\KCKC_Semishko\LR5\Project5\Project5\Source.cpp(132,122): warning C4244: аргумент: преобразование "int" в "T", возможна потеря данных
          with
          [
              T=float
          ]
X:\КСКС\KCKC_repos\KCKC_Semishko\LR5\Project5\Project5\Source.cpp(132,99): warning C4244: аргумент: преобразование "int" в "T", возможна потеря данных
          with
          [
              T=float
          ]
X:\КСКС\KCKC_repos\KCKC_Semishko\LR5\Project5\Project5\Source.cpp(132,179): warning C4244: аргумент: преобразование "int" в "T", возможна потеря данных
          with
          [
              T=float
          ]
X:\КСКС\KCKC_repos\KCKC_Semishko\LR5\Project5\Project5\Source.cpp(132,155): warning C4244: аргумент: преобразование "int" в "T", возможна потеря данных
          with
          [
              T=float
          ]
X:\КСКС\KCKC_repos\KCKC_Semishko\LR5\Project5\Project5\Source.cpp(172,105): warning C4244: аргумент: преобразование "int" в "T", возможна потеря данных
          with
          [
              T=float
          ]
X:\КСКС\KCKC_repos\KCKC_Semishko\LR5\Project5\Project5\Source.cpp(172,80): warning C4244: аргумент: преобразование "double" в "T", возможна потеря данных
          with
          [
              T=float
          ]
X:\КСКС\KCKC_repos\KCKC_Semishko\LR5\Project5\Project5\Source.cpp(172,168): warning C4244: аргумент: преобразование "int" в "T", возможна потеря данных
          with
          [
              T=float
          ]
X:\КСКС\KCKC_repos\KCKC_Semishko\LR5\Project5\Project5\Source.cpp(172,141): warning C4244: аргумент: преобразование "int" в "T", возможна потеря данных
          with
          [
              T=float
          ]
X:\КСКС\KCKC_repos\KCKC_Semishko\LR5\Project5\Project5\Source.cpp(201,103): warning C4244: аргумент: преобразование "int" в "T", возможна потеря данных
          with
          [
              T=float
          ]
X:\КСКС\KCKC_repos\KCKC_Semishko\LR5\Project5\Project5\Source.cpp(201,80): warning C4244: аргумент: преобразование "int" в "T", возможна потеря данных
          with
          [
              T=float
          ]
X:\КСКС\KCKC_repos\KCKC_Semishko\LR5\Project5\Project5\Source.cpp(233,103): warning C4244: аргумент: преобразование "int" в "T", возможна потеря данных
          with
          [
              T=float
          ]
X:\КСКС\KCKC_repos\KCKC_Semishko\LR5\Project5\Project5\Source.cpp(233,80): warning C4244: аргумент: преобразование "int" в "T", возможна потеря данных
          with
          [
              T=float
          ]
X:\КСКС\KCKC_repos\KCKC_Semishko\LR5\Project5\Project5\Source.cpp(245,65): warning C4244: аргумент: преобразование "int" в "float", возможна потеря данных
  Project5.vcxproj -> X:\КСКС\KCKC_repos\KCKC_Semishko\LR5\Project5\Debug\Project5.exe
