  Source.cpp
X:\КСКС\KCKC_repos\KCKC_Semishko\LR2\Project5\Project5\parser.h(53,39): warning C4244: =: преобразование "long" в "int_least16_t", возможна потеря данных
X:\КСКС\KCKC_repos\KCKC_Semishko\LR2\Project5\Project5\parser.h(74,46): warning C4244: =: преобразование "long" в "int_least16_t", возможна потеря данных
X:\КСКС\KCKC_repos\KCKC_Semishko\LR2\Project5\Project5\parser.h(75,46): warning C4244: =: преобразование "long" в "int_least16_t", возможна потеря данных
X:\КСКС\KCKC_repos\KCKC_Semishko\LR2\Project5\Project5\parser.h(82,46): warning C4244: =: преобразование "long" в "int_least16_t", возможна потеря данных
X:\КСКС\KCKC_repos\KCKC_Semishko\LR2\Project5\Project5\parser.h(83,46): warning C4244: =: преобразование "long" в "int_least16_t", возможна потеря данных
X:\КСКС\KCKC_repos\KCKC_Semishko\LR2\Project5\Project5\parser.h(84,46): warning C4244: =: преобразование "long" в "int_least16_t", возможна потеря данных
X:\КСКС\KCKC_repos\KCKC_Semishko\LR2\Project5\Project5\parser.h(85,46): warning C4244: =: преобразование "long" в "int_least16_t", возможна потеря данных
X:\КСКС\KCKC_repos\KCKC_Semishko\LR2\Project5\Project5\parser.h(92,46): warning C4244: =: преобразование "long" в "int_least16_t", возможна потеря данных
X:\КСКС\KCKC_repos\KCKC_Semishko\LR2\Project5\Project5\parser.h(93,46): warning C4244: =: преобразование "long" в "int_least16_t", возможна потеря данных
X:\КСКС\KCKC_repos\KCKC_Semishko\LR2\Project5\Project5\parser.h(94,45): warning C4244: =: преобразование "long" в "int_least16_t", возможна потеря данных
X:\КСКС\KCKC_repos\KCKC_Semishko\LR2\Project5\Project5\parser.h(95,45): warning C4244: =: преобразование "long" в "int_least16_t", возможна потеря данных
X:\КСКС\KCKC_repos\KCKC_Semishko\LR2\Project5\Project5\parser.h(106,46): warning C4244: =: преобразование "long" в "int_least16_t", возможна потеря данных
X:\КСКС\KCKC_repos\KCKC_Semishko\LR2\Project5\Project5\parser.h(107,46): warning C4244: =: преобразование "long" в "int_least16_t", возможна потеря данных
X:\КСКС\KCKC_repos\KCKC_Semishko\LR2\Project5\Project5\parser.h(108,45): warning C4244: =: преобразование "long" в "int_least16_t", возможна потеря данных
X:\КСКС\KCKC_repos\KCKC_Semishko\LR2\Project5\Project5\parser.h(109,45): warning C4244: =: преобразование "long" в "int_least16_t", возможна потеря данных
X:\КСКС\KCKC_repos\KCKC_Semishko\LR2\Project5\Project5\parser.h(120,46): warning C4244: =: преобразование "long" в "int_least16_t", возможна потеря данных
X:\КСКС\KCKC_repos\KCKC_Semishko\LR2\Project5\Project5\parser.h(121,46): warning C4244: =: преобразование "long" в "int_least16_t", возможна потеря данных
X:\КСКС\KCKC_repos\KCKC_Semishko\LR2\Project5\Project5\parser.h(122,52): warning C4244: =: преобразование "long" в "int_least16_t", возможна потеря данных
X:\КСКС\KCKC_repos\KCKC_Semishko\LR2\Project5\Project5\parser.h(123,52): warning C4244: =: преобразование "long" в "int_least16_t", возможна потеря данных
X:\КСКС\KCKC_repos\KCKC_Semishko\LR2\Project5\Project5\parser.h(134,46): warning C4244: =: преобразование "long" в "int_least16_t", возможна потеря данных
X:\КСКС\KCKC_repos\KCKC_Semishko\LR2\Project5\Project5\parser.h(135,46): warning C4244: =: преобразование "long" в "int_least16_t", возможна потеря данных
X:\КСКС\KCKC_repos\KCKC_Semishko\LR2\Project5\Project5\parser.h(136,52): warning C4244: =: преобразование "long" в "int_least16_t", возможна потеря данных
X:\КСКС\KCKC_repos\KCKC_Semishko\LR2\Project5\Project5\parser.h(137,52): warning C4244: =: преобразование "long" в "int_least16_t", возможна потеря данных
X:\КСКС\KCKC_repos\KCKC_Semishko\LR2\Project5\Project5\parser.h(148,46): warning C4244: =: преобразование "long" в "int_least16_t", возможна потеря данных
X:\КСКС\KCKC_repos\KCKC_Semishko\LR2\Project5\Project5\parser.h(149,46): warning C4244: =: преобразование "long" в "int_least16_t", возможна потеря данных
X:\КСКС\KCKC_repos\KCKC_Semishko\LR2\Project5\Project5\parser.h(150,50): warning C4244: =: преобразование "long" в "int_least16_t", возможна потеря данных
X:\КСКС\KCKC_repos\KCKC_Semishko\LR2\Project5\Project5\parser.h(157,46): warning C4244: =: преобразование "long" в "int_least16_t", возможна потеря данных
X:\КСКС\KCKC_repos\KCKC_Semishko\LR2\Project5\Project5\parser.h(158,46): warning C4244: =: преобразование "long" в "int_least16_t", возможна потеря данных
X:\КСКС\KCKC_repos\KCKC_Semishko\LR2\Project5\Project5\parser.h(159,50): warning C4244: =: преобразование "long" в "int_least16_t", возможна потеря данных
X:\КСКС\KCKC_repos\KCKC_Semishko\LR2\Project5\Project5\parser.h(167,46): warning C4244: =: преобразование "long" в "int_least16_t", возможна потеря данных
X:\КСКС\KCKC_repos\KCKC_Semishko\LR2\Project5\Project5\parser.h(168,46): warning C4244: =: преобразование "long" в "int_least16_t", возможна потеря данных
X:\КСКС\KCKC_repos\KCKC_Semishko\LR2\Project5\Project5\parser.h(169,45): warning C4244: =: преобразование "long" в "int_least16_t", возможна потеря данных
X:\КСКС\KCKC_repos\KCKC_Semishko\LR2\Project5\Project5\parser.h(170,45): warning C4244: =: преобразование "long" в "int_least16_t", возможна потеря данных
X:\КСКС\KCKC_repos\KCKC_Semishko\LR2\Project5\Project5\parser.h(171,50): warning C4244: =: преобразование "long" в "int_least16_t", возможна потеря данных
X:\КСКС\KCKC_repos\KCKC_Semishko\LR2\Project5\Project5\parser.h(182,46): warning C4244: =: преобразование "long" в "int_least16_t", возможна потеря данных
X:\КСКС\KCKC_repos\KCKC_Semishko\LR2\Project5\Project5\parser.h(183,46): warning C4244: =: преобразование "long" в "int_least16_t", возможна потеря данных
X:\КСКС\KCKC_repos\KCKC_Semishko\LR2\Project5\Project5\parser.h(184,45): warning C4244: =: преобразование "long" в "int_least16_t", возможна потеря данных
X:\КСКС\KCKC_repos\KCKC_Semishko\LR2\Project5\Project5\parser.h(185,45): warning C4244: =: преобразование "long" в "int_least16_t", возможна потеря данных
X:\КСКС\KCKC_repos\KCKC_Semishko\LR2\Project5\Project5\parser.h(186,50): warning C4244: =: преобразование "long" в "int_least16_t", возможна потеря данных
X:\КСКС\KCKC_repos\KCKC_Semishko\LR2\Project5\Project5\parser.h(197,46): warning C4244: =: преобразование "long" в "int_least16_t", возможна потеря данных
X:\КСКС\KCKC_repos\KCKC_Semishko\LR2\Project5\Project5\parser.h(198,46): warning C4244: =: преобразование "long" в "int_least16_t", возможна потеря данных
X:\КСКС\KCKC_repos\KCKC_Semishko\LR2\Project5\Project5\parser.h(199,45): warning C4244: =: преобразование "long" в "int_least16_t", возможна потеря данных
X:\КСКС\KCKC_repos\KCKC_Semishko\LR2\Project5\Project5\parser.h(200,45): warning C4244: =: преобразование "long" в "int_least16_t", возможна потеря данных
X:\КСКС\KCKC_repos\KCKC_Semishko\LR2\Project5\Project5\parser.h(201,45): warning C4244: =: преобразование "long" в "int_least16_t", возможна потеря данных
X:\КСКС\KCKC_repos\KCKC_Semishko\LR2\Project5\Project5\parser.h(202,48): warning C4244: =: преобразование "long" в "int_least16_t", возможна потеря данных
X:\КСКС\KCKC_repos\KCKC_Semishko\LR2\Project5\Project5\parser.h(203,50): warning C4244: =: преобразование "long" в "int_least16_t", возможна потеря данных
X:\КСКС\KCKC_repos\KCKC_Semishko\LR2\Project5\Project5\parser.h(213,46): warning C4244: =: преобразование "long" в "int_least16_t", возможна потеря данных
X:\КСКС\KCKC_repos\KCKC_Semishko\LR2\Project5\Project5\parser.h(214,46): warning C4244: =: преобразование "long" в "int_least16_t", возможна потеря данных
X:\КСКС\KCKC_repos\KCKC_Semishko\LR2\Project5\Project5\parser.h(215,45): warning C4244: =: преобразование "long" в "int_least16_t", возможна потеря данных
X:\КСКС\KCKC_repos\KCKC_Semishko\LR2\Project5\Project5\parser.h(216,45): warning C4244: =: преобразование "long" в "int_least16_t", возможна потеря данных
X:\КСКС\KCKC_repos\KCKC_Semishko\LR2\Project5\Project5\parser.h(233,55): warning C4244: =: преобразование "long" в "int_least16_t", возможна потеря данных
X:\КСКС\KCKC_repos\KCKC_Semishko\LR2\Project5\Project5\parser.h(253,45): warning C4244: =: преобразование "long" в "int_least16_t", возможна потеря данных
X:\КСКС\KCKC_repos\KCKC_Semishko\LR2\Project5\Project5\parser.h(254,45): warning C4244: =: преобразование "long" в "int_least16_t", возможна потеря данных
X:\КСКС\KCKC_repos\KCKC_Semishko\LR2\Project5\Project5\parser.h(255,45): warning C4244: =: преобразование "long" в "int_least16_t", возможна потеря данных
X:\КСКС\KCKC_repos\KCKC_Semishko\LR2\Project5\Project5\Rounded_Rectangle_Shape.h(34,30): warning C4244: инициализация: преобразование "unsigned int" в "float", возможна потеря данных
X:\КСКС\KCKC_repos\KCKC_Semishko\LR2\Project5\Project5\Rounded_Rectangle_Shape.h(38,1): warning C4305: инициализация: усечение из "double" в "float"
X:\КСКС\KCKC_repos\KCKC_Semishko\LR2\Project5\Project5\draw.h(17,35): warning C4244: аргумент: преобразование "int" в "float", возможна потеря данных
X:\КСКС\KCKC_repos\KCKC_Semishko\LR2\Project5\Project5\draw.h(26,35): warning C4244: аргумент: преобразование "int" в "float", возможна потеря данных
X:\КСКС\KCKC_repos\KCKC_Semishko\LR2\Project5\Project5\draw.h(37,19): warning C4244: инициализация: преобразование "double" в "float", возможна потеря данных
X:\КСКС\KCKC_repos\KCKC_Semishko\LR2\Project5\Project5\draw.h(44,28): warning C4244: аргумент: преобразование "int" в "float", возможна потеря данных
X:\КСКС\KCKC_repos\KCKC_Semishko\LR2\Project5\Project5\draw.h(44,25): warning C4244: аргумент: преобразование "int" в "float", возможна потеря данных
X:\КСКС\KCKC_repos\KCKC_Semishko\LR2\Project5\Project5\draw.h(46,33): warning C4244: аргумент: преобразование "int" в "float", возможна потеря данных
X:\КСКС\KCKC_repos\KCKC_Semishko\LR2\Project5\Project5\draw.h(57,19): warning C4244: инициализация: преобразование "double" в "float", возможна потеря данных
X:\КСКС\KCKC_repos\KCKC_Semishko\LR2\Project5\Project5\draw.h(64,29): warning C4244: аргумент: преобразование "int" в "float", возможна потеря данных
X:\КСКС\KCKC_repos\KCKC_Semishko\LR2\Project5\Project5\draw.h(64,25): warning C4244: аргумент: преобразование "int" в "float", возможна потеря данных
X:\КСКС\KCKC_repos\KCKC_Semishko\LR2\Project5\Project5\draw.h(66,33): warning C4244: аргумент: преобразование "int" в "float", возможна потеря данных
X:\КСКС\KCKC_repos\KCKC_Semishko\LR2\Project5\Project5\draw.h(72,24): warning C4244: аргумент: преобразование "int" в "float", возможна потеря данных
X:\КСКС\KCKC_repos\KCKC_Semishko\LR2\Project5\Project5\draw.h(73,27): warning C4244: аргумент: преобразование "int" в "float", возможна потеря данных
X:\КСКС\KCKC_repos\KCKC_Semishko\LR2\Project5\Project5\draw.h(73,24): warning C4244: аргумент: преобразование "int" в "float", возможна потеря данных
X:\КСКС\KCKC_repos\KCKC_Semishko\LR2\Project5\Project5\draw.h(75,32): warning C4244: аргумент: преобразование "int" в "float", возможна потеря данных
X:\КСКС\KCKC_repos\KCKC_Semishko\LR2\Project5\Project5\draw.h(81,24): warning C4244: аргумент: преобразование "int" в "float", возможна потеря данных
X:\КСКС\KCKC_repos\KCKC_Semishko\LR2\Project5\Project5\draw.h(82,28): warning C4244: аргумент: преобразование "int" в "float", возможна потеря данных
X:\КСКС\KCKC_repos\KCKC_Semishko\LR2\Project5\Project5\draw.h(82,24): warning C4244: аргумент: преобразование "int" в "float", возможна потеря данных
X:\КСКС\KCKC_repos\KCKC_Semishko\LR2\Project5\Project5\draw.h(84,32): warning C4244: аргумент: преобразование "int" в "float", возможна потеря данных
X:\КСКС\KCKC_repos\KCKC_Semishko\LR2\Project5\Project5\draw.h(91,37): warning C4244: аргумент: преобразование "int" в "T", возможна потеря данных
          with
          [
              T=float
          ]
X:\КСКС\KCKC_repos\KCKC_Semishko\LR2\Project5\Project5\draw.h(91,35): warning C4244: аргумент: преобразование "int" в "T", возможна потеря данных
          with
          [
              T=float
          ]
X:\КСКС\KCKC_repos\KCKC_Semishko\LR2\Project5\Project5\draw.h(92,35): warning C4244: аргумент: преобразование "int" в "float", возможна потеря данных
X:\КСКС\KCKC_repos\KCKC_Semishko\LR2\Project5\Project5\draw.h(94,33): warning C4244: аргумент: преобразование "int" в "float", возможна потеря данных
X:\КСКС\KCKC_repos\KCKC_Semishko\LR2\Project5\Project5\draw.h(94,30): warning C4244: аргумент: преобразование "int" в "float", возможна потеря данных
X:\КСКС\KCKC_repos\KCKC_Semishko\LR2\Project5\Project5\draw.h(95,38): warning C4244: аргумент: преобразование "int" в "float", возможна потеря данных
X:\КСКС\KCKC_repos\KCKC_Semishko\LR2\Project5\Project5\draw.h(102,38): warning C4244: аргумент: преобразование "int" в "T", возможна потеря данных
          with
          [
              T=float
          ]
X:\КСКС\KCKC_repos\KCKC_Semishko\LR2\Project5\Project5\draw.h(102,35): warning C4244: аргумент: преобразование "int" в "T", возможна потеря данных
          with
          [
              T=float
          ]
X:\КСКС\KCKC_repos\KCKC_Semishko\LR2\Project5\Project5\draw.h(103,35): warning C4244: аргумент: преобразование "int" в "float", возможна потеря данных
X:\КСКС\KCKC_repos\KCKC_Semishko\LR2\Project5\Project5\draw.h(105,34): warning C4244: аргумент: преобразование "int" в "float", возможна потеря данных
X:\КСКС\KCKC_repos\KCKC_Semishko\LR2\Project5\Project5\draw.h(105,30): warning C4244: аргумент: преобразование "int" в "float", возможна потеря данных
X:\КСКС\KCKC_repos\KCKC_Semishko\LR2\Project5\Project5\draw.h(106,38): warning C4244: аргумент: преобразование "int" в "float", возможна потеря данных
X:\КСКС\KCKC_repos\KCKC_Semishko\LR2\Project5\Project5\draw.h(117,25): warning C4244: аргумент: преобразование "int" в "float", возможна потеря данных
X:\КСКС\KCKC_repos\KCKC_Semishko\LR2\Project5\Project5\draw.h(117,22): warning C4244: аргумент: преобразование "int" в "float", возможна потеря данных
X:\КСКС\KCKC_repos\KCKC_Semishko\LR2\Project5\Project5\Source.cpp(87,109): warning C4244: аргумент: преобразование "int_least16_t" в "sf::Uint8", возможна потеря данных
X:\КСКС\KCKC_repos\KCKC_Semishko\LR2\Project5\Project5\Source.cpp(87,86): warning C4244: аргумент: преобразование "int_least16_t" в "sf::Uint8", возможна потеря данных
X:\КСКС\KCKC_repos\KCKC_Semishko\LR2\Project5\Project5\Source.cpp(87,63): warning C4244: аргумент: преобразование "int_least16_t" в "sf::Uint8", возможна потеря данных
X:\КСКС\KCKC_repos\KCKC_Semishko\LR2\Project5\Project5\Source.cpp(111,110): warning C4244: аргумент: преобразование "int_least16_t" в "sf::Uint8", возможна потеря данных
X:\КСКС\KCKC_repos\KCKC_Semishko\LR2\Project5\Project5\Source.cpp(111,87): warning C4244: аргумент: преобразование "int_least16_t" в "sf::Uint8", возможна потеря данных
X:\КСКС\KCKC_repos\KCKC_Semishko\LR2\Project5\Project5\Source.cpp(111,64): warning C4244: аргумент: преобразование "int_least16_t" в "sf::Uint8", возможна потеря данных
X:\КСКС\KCKC_repos\KCKC_Semishko\LR2\Project5\Project5\Source.cpp(218,76): warning C4244: аргумент: преобразование "int" в "T", возможна потеря данных
          with
          [
              T=float
          ]
  Project5.vcxproj -> X:\КСКС\KCKC_repos\KCKC_Semishko\LR2\Project5\Debug\Project5.exe
